[2020-04-17 10:12:30,379] DEBUG preRegister called. Server=com.sun.jmx.mbeanserver.JmxMBeanServer@66d3c617, name=log4j:logger=kafka.controller (kafka.controller)
[2020-04-17 10:12:41,845] INFO [ControllerEventThread controllerId=0] Starting (kafka.controller.ControllerEventManager$ControllerEventThread)
[2020-04-17 10:12:41,877] INFO [Controller id=0] 0 successfully elected as the controller. Epoch incremented to 1 and epoch zk version is now 1 (kafka.controller.KafkaController)
[2020-04-17 10:12:41,878] INFO [Controller id=0] Registering handlers (kafka.controller.KafkaController)
[2020-04-17 10:12:41,880] INFO [Controller id=0] Deleting log dir event notifications (kafka.controller.KafkaController)
[2020-04-17 10:12:41,882] INFO [Controller id=0] Deleting isr change notifications (kafka.controller.KafkaController)
[2020-04-17 10:12:41,884] INFO [Controller id=0] Initializing controller context (kafka.controller.KafkaController)
[2020-04-17 10:12:41,906] INFO [Controller id=0] Initialized broker epochs cache: Map(0 -> 24) (kafka.controller.KafkaController)
[2020-04-17 10:12:41,909] DEBUG [Controller id=0] Register BrokerModifications handler for Set(0) (kafka.controller.KafkaController)
[2020-04-17 10:12:41,913] DEBUG [Channel manager on controller 0]: Controller 0 trying to connect to broker 0 (kafka.controller.ControllerChannelManager)
[2020-04-17 10:12:41,918] INFO [RequestSendThread controllerId=0] Starting (kafka.controller.RequestSendThread)
[2020-04-17 10:12:41,919] INFO [Controller id=0] Partitions being reassigned: Map() (kafka.controller.KafkaController)
[2020-04-17 10:12:41,920] INFO [Controller id=0] Currently active brokers in the cluster: Set(0) (kafka.controller.KafkaController)
[2020-04-17 10:12:41,921] INFO [Controller id=0] Currently shutting brokers in the cluster: Set() (kafka.controller.KafkaController)
[2020-04-17 10:12:41,921] INFO [Controller id=0] Current list of topics in the cluster: Set() (kafka.controller.KafkaController)
[2020-04-17 10:12:41,921] INFO [Controller id=0] Fetching topic deletions in progress (kafka.controller.KafkaController)
[2020-04-17 10:12:41,924] INFO [Controller id=0] List of topics to be deleted:  (kafka.controller.KafkaController)
[2020-04-17 10:12:41,924] INFO [Controller id=0] List of topics ineligible for deletion:  (kafka.controller.KafkaController)
[2020-04-17 10:12:41,924] INFO [Controller id=0] Initializing topic deletion manager (kafka.controller.KafkaController)
[2020-04-17 10:12:41,925] INFO [Topic Deletion Manager 0] Initializing manager with initial deletions: Set(), initial ineligible deletions: Set() (kafka.controller.TopicDeletionManager)
[2020-04-17 10:12:41,925] INFO [Controller id=0] Sending update metadata request (kafka.controller.KafkaController)
[2020-04-17 10:12:41,933] INFO [ReplicaStateMachine controllerId=0] Initializing replica state (kafka.controller.ZkReplicaStateMachine)
[2020-04-17 10:12:41,934] INFO [ReplicaStateMachine controllerId=0] Triggering online replica state changes (kafka.controller.ZkReplicaStateMachine)
[2020-04-17 10:12:41,938] INFO [ReplicaStateMachine controllerId=0] Triggering offline replica state changes (kafka.controller.ZkReplicaStateMachine)
[2020-04-17 10:12:41,939] DEBUG [ReplicaStateMachine controllerId=0] Started replica state machine with initial state -> Map() (kafka.controller.ZkReplicaStateMachine)
[2020-04-17 10:12:41,939] INFO [PartitionStateMachine controllerId=0] Initializing partition state (kafka.controller.ZkPartitionStateMachine)
[2020-04-17 10:12:41,940] INFO [PartitionStateMachine controllerId=0] Triggering online partition state changes (kafka.controller.ZkPartitionStateMachine)
[2020-04-17 10:12:41,941] INFO [RequestSendThread controllerId=0] Controller 0 connected to 195.134.67.93:9090 (id: 0 rack: null) for sending state change requests (kafka.controller.RequestSendThread)
[2020-04-17 10:12:41,942] DEBUG [PartitionStateMachine controllerId=0] Started partition state machine with initial state -> Map() (kafka.controller.ZkPartitionStateMachine)
[2020-04-17 10:12:41,942] INFO [Controller id=0] Ready to serve as the new controller with epoch 1 (kafka.controller.KafkaController)
[2020-04-17 10:12:41,943] INFO [Controller id=0] Removing partitions Set() from the list of reassigned partitions in zookeeper (kafka.controller.KafkaController)
[2020-04-17 10:12:41,943] INFO [Controller id=0] No more partitions need to be reassigned. Deleting zk path /admin/reassign_partitions (kafka.controller.KafkaController)
[2020-04-17 10:12:41,946] INFO [Controller id=0] Partitions undergoing preferred replica election:  (kafka.controller.KafkaController)
[2020-04-17 10:12:41,946] INFO [Controller id=0] Partitions that completed preferred replica election:  (kafka.controller.KafkaController)
[2020-04-17 10:12:41,946] INFO [Controller id=0] Skipping preferred replica election for partitions due to topic deletion:  (kafka.controller.KafkaController)
[2020-04-17 10:12:41,947] INFO [Controller id=0] Resuming preferred replica election for partitions:  (kafka.controller.KafkaController)
[2020-04-17 10:12:41,947] INFO [Controller id=0] Starting preferred replica leader election for partitions  (kafka.controller.KafkaController)
[2020-04-17 10:12:41,968] INFO [Controller id=0] Starting the controller scheduler (kafka.controller.KafkaController)
[2020-04-17 10:12:46,970] INFO [Controller id=0] Processing automatic preferred replica leader election (kafka.controller.KafkaController)
[2020-04-17 10:12:46,971] TRACE [Controller id=0] Checking need to trigger auto leader balancing (kafka.controller.KafkaController)
[2020-04-17 10:12:46,974] DEBUG [Controller id=0] Preferred replicas by broker Map() (kafka.controller.KafkaController)
[2020-04-17 10:13:14,093] INFO [Controller id=0] Shutting down broker 0 (kafka.controller.KafkaController)
[2020-04-17 10:13:14,094] DEBUG [Controller id=0] All shutting down brokers: 0 (kafka.controller.KafkaController)
[2020-04-17 10:13:14,094] DEBUG [Controller id=0] Live brokers:  (kafka.controller.KafkaController)
[2020-04-17 10:13:14,096] TRACE [Controller id=0] All leaders =  (kafka.controller.KafkaController)
[2020-04-17 10:13:15,434] INFO [ControllerEventThread controllerId=0] Shutting down (kafka.controller.ControllerEventManager$ControllerEventThread)
[2020-04-17 10:13:15,434] INFO [ControllerEventThread controllerId=0] Stopped (kafka.controller.ControllerEventManager$ControllerEventThread)
[2020-04-17 10:13:15,434] INFO [ControllerEventThread controllerId=0] Shutdown completed (kafka.controller.ControllerEventManager$ControllerEventThread)
[2020-04-17 10:13:15,435] DEBUG [Controller id=0] Resigning (kafka.controller.KafkaController)
[2020-04-17 10:13:15,435] DEBUG [Controller id=0] Unregister BrokerModifications handler for Set(0) (kafka.controller.KafkaController)
[2020-04-17 10:13:15,436] INFO [PartitionStateMachine controllerId=0] Stopped partition state machine (kafka.controller.ZkPartitionStateMachine)
[2020-04-17 10:13:15,436] INFO [ReplicaStateMachine controllerId=0] Stopped replica state machine (kafka.controller.ZkReplicaStateMachine)
[2020-04-17 10:13:15,437] INFO [RequestSendThread controllerId=0] Shutting down (kafka.controller.RequestSendThread)
[2020-04-17 10:13:15,437] INFO [RequestSendThread controllerId=0] Stopped (kafka.controller.RequestSendThread)
[2020-04-17 10:13:15,437] INFO [RequestSendThread controllerId=0] Shutdown completed (kafka.controller.RequestSendThread)
[2020-04-17 10:13:15,438] INFO [Controller id=0] Resigned (kafka.controller.KafkaController)
