[2020-03-23 17:11:12,067] INFO Processed session termination for sessionid: 0x10044e053960000 (org.apache.zookeeper.server.PrepRequestProcessor)
[2020-03-23 17:11:12,070] INFO Closed socket connection for client /195.134.67.93:48200 which had sessionid 0x10044e053960000 (org.apache.zookeeper.server.NIOServerCnxn)
[2020-03-23 17:11:19,760] INFO Registered kafka:type=kafka.Log4jController MBean (kafka.utils.Log4jControllerRegistration$)
[2020-03-23 17:11:20,115] INFO Registered signal handlers for TERM, INT, HUP (org.apache.kafka.common.utils.LoggingSignalHandler)
[2020-03-23 17:11:20,115] INFO starting (kafka.server.KafkaServer)
[2020-03-23 17:11:20,116] INFO Connecting to zookeeper on 195.134.67.93:2181 (kafka.server.KafkaServer)
[2020-03-23 17:11:20,130] INFO [ZooKeeperClient Kafka server] Initializing a new session to 195.134.67.93:2181. (kafka.zookeeper.ZooKeeperClient)
[2020-03-23 17:11:20,133] INFO Client environment:zookeeper.version=3.4.14-4c25d480e66aadd371de8bd2fd8da255ac140bcf, built on 03/06/2019 16:18 GMT (org.apache.zookeeper.ZooKeeper)
[2020-03-23 17:11:20,133] INFO Client environment:host.name=mojito (org.apache.zookeeper.ZooKeeper)
[2020-03-23 17:11:20,133] INFO Client environment:java.version=1.8.0_242 (org.apache.zookeeper.ZooKeeper)
[2020-03-23 17:11:20,133] INFO Client environment:java.vendor=Private Build (org.apache.zookeeper.ZooKeeper)
[2020-03-23 17:11:20,133] INFO Client environment:java.home=/usr/lib/jvm/java-8-openjdk-amd64/jre (org.apache.zookeeper.ZooKeeper)
[2020-03-23 17:11:20,133] INFO Client environment:java.class.path=/home/sdi1500059/Adjustable-pub-sub-system/kafka_2.12-2.3.0/bin/../libs/activation-1.1.1.jar:/home/sdi1500059/Adjustable-pub-sub-system/kafka_2.12-2.3.0/bin/../libs/aopalliance-repackaged-2.5.0.jar:/home/sdi1500059/Adjustable-pub-sub-system/kafka_2.12-2.3.0/bin/../libs/argparse4j-0.7.0.jar:/home/sdi1500059/Adjustable-pub-sub-system/kafka_2.12-2.3.0/bin/../libs/audience-annotations-0.5.0.jar:/home/sdi1500059/Adjustable-pub-sub-system/kafka_2.12-2.3.0/bin/../libs/commons-lang3-3.8.1.jar:/home/sdi1500059/Adjustable-pub-sub-system/kafka_2.12-2.3.0/bin/../libs/connect-api-2.3.0.jar:/home/sdi1500059/Adjustable-pub-sub-system/kafka_2.12-2.3.0/bin/../libs/connect-basic-auth-extension-2.3.0.jar:/home/sdi1500059/Adjustable-pub-sub-system/kafka_2.12-2.3.0/bin/../libs/connect-file-2.3.0.jar:/home/sdi1500059/Adjustable-pub-sub-system/kafka_2.12-2.3.0/bin/../libs/connect-json-2.3.0.jar:/home/sdi1500059/Adjustable-pub-sub-system/kafka_2.12-2.3.0/bin/../libs/connect-runtime-2.3.0.jar:/home/sdi1500059/Adjustable-pub-sub-system/kafka_2.12-2.3.0/bin/../libs/connect-transforms-2.3.0.jar:/home/sdi1500059/Adjustable-pub-sub-system/kafka_2.12-2.3.0/bin/../libs/guava-20.0.jar:/home/sdi1500059/Adjustable-pub-sub-system/kafka_2.12-2.3.0/bin/../libs/hk2-api-2.5.0.jar:/home/sdi1500059/Adjustable-pub-sub-system/kafka_2.12-2.3.0/bin/../libs/hk2-locator-2.5.0.jar:/home/sdi1500059/Adjustable-pub-sub-system/kafka_2.12-2.3.0/bin/../libs/hk2-utils-2.5.0.jar:/home/sdi1500059/Adjustable-pub-sub-system/kafka_2.12-2.3.0/bin/../libs/jackson-annotations-2.9.9.jar:/home/sdi1500059/Adjustable-pub-sub-system/kafka_2.12-2.3.0/bin/../libs/jackson-core-2.9.9.jar:/home/sdi1500059/Adjustable-pub-sub-system/kafka_2.12-2.3.0/bin/../libs/jackson-databind-2.9.9.jar:/home/sdi1500059/Adjustable-pub-sub-system/kafka_2.12-2.3.0/bin/../libs/jackson-dataformat-csv-2.9.9.jar:/home/sdi1500059/Adjustable-pub-sub-system/kafka_2.12-2.3.0/bin/../libs/jackson-datatype-jdk8-2.9.9.jar:/home/sdi1500059/Adjustable-pub-sub-system/kafka_2.12-2.3.0/bin/../libs/jackson-jaxrs-base-2.9.9.jar:/home/sdi1500059/Adjustable-pub-sub-system/kafka_2.12-2.3.0/bin/../libs/jackson-jaxrs-json-provider-2.9.9.jar:/home/sdi1500059/Adjustable-pub-sub-system/kafka_2.12-2.3.0/bin/../libs/jackson-module-jaxb-annotations-2.9.9.jar:/home/sdi1500059/Adjustable-pub-sub-system/kafka_2.12-2.3.0/bin/../libs/jackson-module-paranamer-2.9.9.jar:/home/sdi1500059/Adjustable-pub-sub-system/kafka_2.12-2.3.0/bin/../libs/jackson-module-scala_2.12-2.9.9.jar:/home/sdi1500059/Adjustable-pub-sub-system/kafka_2.12-2.3.0/bin/../libs/jakarta.annotation-api-1.3.4.jar:/home/sdi1500059/Adjustable-pub-sub-system/kafka_2.12-2.3.0/bin/../libs/jakarta.inject-2.5.0.jar:/home/sdi1500059/Adjustable-pub-sub-system/kafka_2.12-2.3.0/bin/../libs/jakarta.ws.rs-api-2.1.5.jar:/home/sdi1500059/Adjustable-pub-sub-system/kafka_2.12-2.3.0/bin/../libs/javassist-3.22.0-CR2.jar:/home/sdi1500059/Adjustable-pub-sub-system/kafka_2.12-2.3.0/bin/../libs/javax.servlet-api-3.1.0.jar:/home/sdi1500059/Adjustable-pub-sub-system/kafka_2.12-2.3.0/bin/../libs/javax.ws.rs-api-2.1.1.jar:/home/sdi1500059/Adjustable-pub-sub-system/kafka_2.12-2.3.0/bin/../libs/jaxb-api-2.3.0.jar:/home/sdi1500059/Adjustable-pub-sub-system/kafka_2.12-2.3.0/bin/../libs/jersey-client-2.28.jar:/home/sdi1500059/Adjustable-pub-sub-system/kafka_2.12-2.3.0/bin/../libs/jersey-common-2.28.jar:/home/sdi1500059/Adjustable-pub-sub-system/kafka_2.12-2.3.0/bin/../libs/jersey-container-servlet-2.28.jar:/home/sdi1500059/Adjustable-pub-sub-system/kafka_2.12-2.3.0/bin/../libs/jersey-container-servlet-core-2.28.jar:/home/sdi1500059/Adjustable-pub-sub-system/kafka_2.12-2.3.0/bin/../libs/jersey-hk2-2.28.jar:/home/sdi1500059/Adjustable-pub-sub-system/kafka_2.12-2.3.0/bin/../libs/jersey-media-jaxb-2.28.jar:/home/sdi1500059/Adjustable-pub-sub-system/kafka_2.12-2.3.0/bin/../libs/jersey-server-2.28.jar:/home/sdi1500059/Adjustable-pub-sub-system/kafka_2.12-2.3.0/bin/../libs/jetty-client-9.4.18.v20190429.jar:/home/sdi1500059/Adjustable-pub-sub-system/kafka_2.12-2.3.0/bin/../libs/jetty-continuation-9.4.18.v20190429.jar:/home/sdi1500059/Adjustable-pub-sub-system/kafka_2.12-2.3.0/bin/../libs/jetty-http-9.4.18.v20190429.jar:/home/sdi1500059/Adjustable-pub-sub-system/kafka_2.12-2.3.0/bin/../libs/jetty-io-9.4.18.v20190429.jar:/home/sdi1500059/Adjustable-pub-sub-system/kafka_2.12-2.3.0/bin/../libs/jetty-security-9.4.18.v20190429.jar:/home/sdi1500059/Adjustable-pub-sub-system/kafka_2.12-2.3.0/bin/../libs/jetty-server-9.4.18.v20190429.jar:/home/sdi1500059/Adjustable-pub-sub-system/kafka_2.12-2.3.0/bin/../libs/jetty-servlet-9.4.18.v20190429.jar:/home/sdi1500059/Adjustable-pub-sub-system/kafka_2.12-2.3.0/bin/../libs/jetty-servlets-9.4.18.v20190429.jar:/home/sdi1500059/Adjustable-pub-sub-system/kafka_2.12-2.3.0/bin/../libs/jetty-util-9.4.18.v20190429.jar:/home/sdi1500059/Adjustable-pub-sub-system/kafka_2.12-2.3.0/bin/../libs/jopt-simple-5.0.4.jar:/home/sdi1500059/Adjustable-pub-sub-system/kafka_2.12-2.3.0/bin/../libs/jsr305-3.0.2.jar:/home/sdi1500059/Adjustable-pub-sub-system/kafka_2.12-2.3.0/bin/../libs/kafka-clients-2.3.0.jar:/home/sdi1500059/Adjustable-pub-sub-system/kafka_2.12-2.3.0/bin/../libs/kafka-log4j-appender-2.3.0.jar:/home/sdi1500059/Adjustable-pub-sub-system/kafka_2.12-2.3.0/bin/../libs/kafka-streams-2.3.0.jar:/home/sdi1500059/Adjustable-pub-sub-system/kafka_2.12-2.3.0/bin/../libs/kafka-streams-examples-2.3.0.jar:/home/sdi1500059/Adjustable-pub-sub-system/kafka_2.12-2.3.0/bin/../libs/kafka-streams-scala_2.12-2.3.0.jar:/home/sdi1500059/Adjustable-pub-sub-system/kafka_2.12-2.3.0/bin/../libs/kafka-streams-test-utils-2.3.0.jar:/home/sdi1500059/Adjustable-pub-sub-system/kafka_2.12-2.3.0/bin/../libs/kafka-tools-2.3.0.jar:/home/sdi1500059/Adjustable-pub-sub-system/kafka_2.12-2.3.0/bin/../libs/kafka_2.12-2.3.0-sources.jar:/home/sdi1500059/Adjustable-pub-sub-system/kafka_2.12-2.3.0/bin/../libs/kafka_2.12-2.3.0.jar:/home/sdi1500059/Adjustable-pub-sub-system/kafka_2.12-2.3.0/bin/../libs/log4j-1.2.17.jar:/home/sdi1500059/Adjustable-pub-sub-system/kafka_2.12-2.3.0/bin/../libs/lz4-java-1.6.0.jar:/home/sdi1500059/Adjustable-pub-sub-system/kafka_2.12-2.3.0/bin/../libs/maven-artifact-3.6.1.jar:/home/sdi1500059/Adjustable-pub-sub-system/kafka_2.12-2.3.0/bin/../libs/metrics-core-2.2.0.jar:/home/sdi1500059/Adjustable-pub-sub-system/kafka_2.12-2.3.0/bin/../libs/osgi-resource-locator-1.0.1.jar:/home/sdi1500059/Adjustable-pub-sub-system/kafka_2.12-2.3.0/bin/../libs/paranamer-2.8.jar:/home/sdi1500059/Adjustable-pub-sub-system/kafka_2.12-2.3.0/bin/../libs/plexus-utils-3.2.0.jar:/home/sdi1500059/Adjustable-pub-sub-system/kafka_2.12-2.3.0/bin/../libs/reflections-0.9.11.jar:/home/sdi1500059/Adjustable-pub-sub-system/kafka_2.12-2.3.0/bin/../libs/rocksdbjni-5.18.3.jar:/home/sdi1500059/Adjustable-pub-sub-system/kafka_2.12-2.3.0/bin/../libs/scala-library-2.12.8.jar:/home/sdi1500059/Adjustable-pub-sub-system/kafka_2.12-2.3.0/bin/../libs/scala-logging_2.12-3.9.0.jar:/home/sdi1500059/Adjustable-pub-sub-system/kafka_2.12-2.3.0/bin/../libs/scala-reflect-2.12.8.jar:/home/sdi1500059/Adjustable-pub-sub-system/kafka_2.12-2.3.0/bin/../libs/slf4j-api-1.7.26.jar:/home/sdi1500059/Adjustable-pub-sub-system/kafka_2.12-2.3.0/bin/../libs/slf4j-log4j12-1.7.26.jar:/home/sdi1500059/Adjustable-pub-sub-system/kafka_2.12-2.3.0/bin/../libs/snappy-java-1.1.7.3.jar:/home/sdi1500059/Adjustable-pub-sub-system/kafka_2.12-2.3.0/bin/../libs/spotbugs-annotations-3.1.9.jar:/home/sdi1500059/Adjustable-pub-sub-system/kafka_2.12-2.3.0/bin/../libs/validation-api-2.0.1.Final.jar:/home/sdi1500059/Adjustable-pub-sub-system/kafka_2.12-2.3.0/bin/../libs/zkclient-0.11.jar:/home/sdi1500059/Adjustable-pub-sub-system/kafka_2.12-2.3.0/bin/../libs/zookeeper-3.4.14.jar:/home/sdi1500059/Adjustable-pub-sub-system/kafka_2.12-2.3.0/bin/../libs/zstd-jni-1.4.0-1.jar (org.apache.zookeeper.ZooKeeper)
[2020-03-23 17:11:20,134] INFO Client environment:java.library.path=/usr/java/packages/lib/amd64:/usr/lib/x86_64-linux-gnu/jni:/lib/x86_64-linux-gnu:/usr/lib/x86_64-linux-gnu:/usr/lib/jni:/lib:/usr/lib (org.apache.zookeeper.ZooKeeper)
[2020-03-23 17:11:20,134] INFO Client environment:java.io.tmpdir=/tmp (org.apache.zookeeper.ZooKeeper)
[2020-03-23 17:11:20,134] INFO Client environment:java.compiler=<NA> (org.apache.zookeeper.ZooKeeper)
[2020-03-23 17:11:20,134] INFO Client environment:os.name=Linux (org.apache.zookeeper.ZooKeeper)
[2020-03-23 17:11:20,134] INFO Client environment:os.arch=amd64 (org.apache.zookeeper.ZooKeeper)
[2020-03-23 17:11:20,134] INFO Client environment:os.version=4.15.0-88-generic (org.apache.zookeeper.ZooKeeper)
[2020-03-23 17:11:20,134] INFO Client environment:user.name=sdi1500059 (org.apache.zookeeper.ZooKeeper)
[2020-03-23 17:11:20,134] INFO Client environment:user.home=/home/sdi1500059 (org.apache.zookeeper.ZooKeeper)
[2020-03-23 17:11:20,134] INFO Client environment:user.dir=/home/sdi1500059/Adjustable-pub-sub-system/kafka_2.12-2.3.0 (org.apache.zookeeper.ZooKeeper)
[2020-03-23 17:11:20,135] INFO Initiating client connection, connectString=195.134.67.93:2181 sessionTimeout=6000 watcher=kafka.zookeeper.ZooKeeperClient$ZooKeeperClientWatcher$@6a28ffa4 (org.apache.zookeeper.ZooKeeper)
[2020-03-23 17:11:20,143] INFO [ZooKeeperClient Kafka server] Waiting until connected. (kafka.zookeeper.ZooKeeperClient)
[2020-03-23 17:11:20,151] INFO Opening socket connection to server go.di.uoa.gr/195.134.67.93:2181. Will not attempt to authenticate using SASL (unknown error) (org.apache.zookeeper.ClientCnxn)
[2020-03-23 17:11:20,154] INFO Accepted socket connection from /195.134.67.93:48250 (org.apache.zookeeper.server.NIOServerCnxnFactory)
[2020-03-23 17:11:20,154] INFO Socket connection established to go.di.uoa.gr/195.134.67.93:2181, initiating session (org.apache.zookeeper.ClientCnxn)
[2020-03-23 17:11:20,155] INFO Client attempting to establish new session at /195.134.67.93:48250 (org.apache.zookeeper.server.ZooKeeperServer)
[2020-03-23 17:11:20,158] INFO Established session 0x10044e142760006 with negotiated timeout 6000 for client /195.134.67.93:48250 (org.apache.zookeeper.server.ZooKeeperServer)
[2020-03-23 17:11:20,159] INFO Session establishment complete on server go.di.uoa.gr/195.134.67.93:2181, sessionid = 0x10044e142760006, negotiated timeout = 6000 (org.apache.zookeeper.ClientCnxn)
[2020-03-23 17:11:20,161] INFO [ZooKeeperClient Kafka server] Connected. (kafka.zookeeper.ZooKeeperClient)
[2020-03-23 17:11:20,198] INFO Got user-level KeeperException when processing sessionid:0x10044e142760006 type:create cxid:0x1 zxid:0x5b txntype:-1 reqpath:n/a Error Path:/consumers Error:KeeperErrorCode = NodeExists for /consumers (org.apache.zookeeper.server.PrepRequestProcessor)
[2020-03-23 17:11:20,206] INFO Got user-level KeeperException when processing sessionid:0x10044e142760006 type:create cxid:0x2 zxid:0x5c txntype:-1 reqpath:n/a Error Path:/brokers/ids Error:KeeperErrorCode = NodeExists for /brokers/ids (org.apache.zookeeper.server.PrepRequestProcessor)
[2020-03-23 17:11:20,209] INFO Got user-level KeeperException when processing sessionid:0x10044e142760006 type:create cxid:0x3 zxid:0x5d txntype:-1 reqpath:n/a Error Path:/brokers/topics Error:KeeperErrorCode = NodeExists for /brokers/topics (org.apache.zookeeper.server.PrepRequestProcessor)
[2020-03-23 17:11:20,212] INFO Got user-level KeeperException when processing sessionid:0x10044e142760006 type:create cxid:0x4 zxid:0x5e txntype:-1 reqpath:n/a Error Path:/config/changes Error:KeeperErrorCode = NodeExists for /config/changes (org.apache.zookeeper.server.PrepRequestProcessor)
[2020-03-23 17:11:20,215] INFO Got user-level KeeperException when processing sessionid:0x10044e142760006 type:create cxid:0x5 zxid:0x5f txntype:-1 reqpath:n/a Error Path:/admin/delete_topics Error:KeeperErrorCode = NodeExists for /admin/delete_topics (org.apache.zookeeper.server.PrepRequestProcessor)
[2020-03-23 17:11:20,218] INFO Got user-level KeeperException when processing sessionid:0x10044e142760006 type:create cxid:0x6 zxid:0x60 txntype:-1 reqpath:n/a Error Path:/brokers/seqid Error:KeeperErrorCode = NodeExists for /brokers/seqid (org.apache.zookeeper.server.PrepRequestProcessor)
[2020-03-23 17:11:20,220] INFO Got user-level KeeperException when processing sessionid:0x10044e142760006 type:create cxid:0x7 zxid:0x61 txntype:-1 reqpath:n/a Error Path:/isr_change_notification Error:KeeperErrorCode = NodeExists for /isr_change_notification (org.apache.zookeeper.server.PrepRequestProcessor)
[2020-03-23 17:11:20,223] INFO Got user-level KeeperException when processing sessionid:0x10044e142760006 type:create cxid:0x8 zxid:0x62 txntype:-1 reqpath:n/a Error Path:/latest_producer_id_block Error:KeeperErrorCode = NodeExists for /latest_producer_id_block (org.apache.zookeeper.server.PrepRequestProcessor)
[2020-03-23 17:11:20,228] INFO Got user-level KeeperException when processing sessionid:0x10044e142760006 type:create cxid:0x9 zxid:0x63 txntype:-1 reqpath:n/a Error Path:/log_dir_event_notification Error:KeeperErrorCode = NodeExists for /log_dir_event_notification (org.apache.zookeeper.server.PrepRequestProcessor)
[2020-03-23 17:11:20,233] INFO Got user-level KeeperException when processing sessionid:0x10044e142760006 type:create cxid:0xa zxid:0x64 txntype:-1 reqpath:n/a Error Path:/config/topics Error:KeeperErrorCode = NodeExists for /config/topics (org.apache.zookeeper.server.PrepRequestProcessor)
[2020-03-23 17:11:20,237] INFO Got user-level KeeperException when processing sessionid:0x10044e142760006 type:create cxid:0xb zxid:0x65 txntype:-1 reqpath:n/a Error Path:/config/clients Error:KeeperErrorCode = NodeExists for /config/clients (org.apache.zookeeper.server.PrepRequestProcessor)
[2020-03-23 17:11:20,242] INFO Got user-level KeeperException when processing sessionid:0x10044e142760006 type:create cxid:0xc zxid:0x66 txntype:-1 reqpath:n/a Error Path:/config/users Error:KeeperErrorCode = NodeExists for /config/users (org.apache.zookeeper.server.PrepRequestProcessor)
[2020-03-23 17:11:20,246] INFO Got user-level KeeperException when processing sessionid:0x10044e142760006 type:create cxid:0xd zxid:0x67 txntype:-1 reqpath:n/a Error Path:/config/brokers Error:KeeperErrorCode = NodeExists for /config/brokers (org.apache.zookeeper.server.PrepRequestProcessor)
[2020-03-23 17:11:20,370] INFO Cluster ID = iANMTrxzSFSggMLdmKPnqA (kafka.server.KafkaServer)
[2020-03-23 17:11:20,426] INFO KafkaConfig values: 
	advertised.host.name = null
	advertised.listeners = null
	advertised.port = null
	alter.config.policy.class.name = null
	alter.log.dirs.replication.quota.window.num = 11
	alter.log.dirs.replication.quota.window.size.seconds = 1
	authorizer.class.name = 
	auto.create.topics.enable = true
	auto.leader.rebalance.enable = true
	background.threads = 10
	broker.id = 0
	broker.id.generation.enable = true
	broker.rack = null
	client.quota.callback.class = null
	compression.type = producer
	connection.failed.authentication.delay.ms = 100
	connections.max.idle.ms = 600000
	connections.max.reauth.ms = 0
	control.plane.listener.name = null
	controlled.shutdown.enable = true
	controlled.shutdown.max.retries = 3
	controlled.shutdown.retry.backoff.ms = 5000
	controller.socket.timeout.ms = 30000
	create.topic.policy.class.name = null
	default.replication.factor = 1
	delegation.token.expiry.check.interval.ms = 3600000
	delegation.token.expiry.time.ms = 86400000
	delegation.token.master.key = null
	delegation.token.max.lifetime.ms = 604800000
	delete.records.purgatory.purge.interval.requests = 1
	delete.topic.enable = true
	fetch.purgatory.purge.interval.requests = 1000
	group.initial.rebalance.delay.ms = 0
	group.max.session.timeout.ms = 1800000
	group.max.size = 2147483647
	group.min.session.timeout.ms = 6000
	host.name = 
	inter.broker.listener.name = null
	inter.broker.protocol.version = 2.3-IV1
	kafka.metrics.polling.interval.secs = 10
	kafka.metrics.reporters = []
	leader.imbalance.check.interval.seconds = 300
	leader.imbalance.per.broker.percentage = 10
	listener.security.protocol.map = PLAINTEXT:PLAINTEXT,SSL:SSL,SASL_PLAINTEXT:SASL_PLAINTEXT,SASL_SSL:SASL_SSL
	listeners = PLAINTEXT://195.134.67.93:9090
	log.cleaner.backoff.ms = 15000
	log.cleaner.dedupe.buffer.size = 134217728
	log.cleaner.delete.retention.ms = 86400000
	log.cleaner.enable = true
	log.cleaner.io.buffer.load.factor = 0.9
	log.cleaner.io.buffer.size = 524288
	log.cleaner.io.max.bytes.per.second = 1.7976931348623157E308
	log.cleaner.max.compaction.lag.ms = 9223372036854775807
	log.cleaner.min.cleanable.ratio = 0.5
	log.cleaner.min.compaction.lag.ms = 0
	log.cleaner.threads = 1
	log.cleanup.policy = [delete]
	log.dir = /tmp/kafka-logs
	log.dirs = /data/sdi1500059/logs/kafka-logs-0
	log.flush.interval.messages = 9223372036854775807
	log.flush.interval.ms = null
	log.flush.offset.checkpoint.interval.ms = 60000
	log.flush.scheduler.interval.ms = 9223372036854775807
	log.flush.start.offset.checkpoint.interval.ms = 60000
	log.index.interval.bytes = 4096
	log.index.size.max.bytes = 10485760
	log.message.downconversion.enable = true
	log.message.format.version = 2.3-IV1
	log.message.timestamp.difference.max.ms = 9223372036854775807
	log.message.timestamp.type = CreateTime
	log.preallocate = false
	log.retention.bytes = -1
	log.retention.check.interval.ms = 300000
	log.retention.hours = 168
	log.retention.minutes = null
	log.retention.ms = null
	log.roll.hours = 168
	log.roll.jitter.hours = 0
	log.roll.jitter.ms = null
	log.roll.ms = null
	log.segment.bytes = 1073741824
	log.segment.delete.delay.ms = 60000
	max.connections = 2147483647
	max.connections.per.ip = 2147483647
	max.connections.per.ip.overrides = 
	max.incremental.fetch.session.cache.slots = 1000
	message.max.bytes = 1000012
	metric.reporters = []
	metrics.num.samples = 2
	metrics.recording.level = INFO
	metrics.sample.window.ms = 30000
	min.insync.replicas = 1
	num.io.threads = 8
	num.network.threads = 3
	num.partitions = 1
	num.recovery.threads.per.data.dir = 1
	num.replica.alter.log.dirs.threads = null
	num.replica.fetchers = 1
	offset.metadata.max.bytes = 4096
	offsets.commit.required.acks = -1
	offsets.commit.timeout.ms = 5000
	offsets.load.buffer.size = 5242880
	offsets.retention.check.interval.ms = 600000
	offsets.retention.minutes = 10080
	offsets.topic.compression.codec = 0
	offsets.topic.num.partitions = 50
	offsets.topic.replication.factor = 1
	offsets.topic.segment.bytes = 104857600
	password.encoder.cipher.algorithm = AES/CBC/PKCS5Padding
	password.encoder.iterations = 4096
	password.encoder.key.length = 128
	password.encoder.keyfactory.algorithm = null
	password.encoder.old.secret = null
	password.encoder.secret = null
	port = 9092
	principal.builder.class = null
	producer.purgatory.purge.interval.requests = 1000
	queued.max.request.bytes = -1
	queued.max.requests = 500
	quota.consumer.default = 9223372036854775807
	quota.producer.default = 9223372036854775807
	quota.window.num = 11
	quota.window.size.seconds = 1
	replica.fetch.backoff.ms = 1000
	replica.fetch.max.bytes = 1048576
	replica.fetch.min.bytes = 1
	replica.fetch.response.max.bytes = 10485760
	replica.fetch.wait.max.ms = 500
	replica.high.watermark.checkpoint.interval.ms = 5000
	replica.lag.time.max.ms = 10000
	replica.socket.receive.buffer.bytes = 65536
	replica.socket.timeout.ms = 30000
	replication.quota.window.num = 11
	replication.quota.window.size.seconds = 1
	request.timeout.ms = 30000
	reserved.broker.max.id = 1000
	sasl.client.callback.handler.class = null
	sasl.enabled.mechanisms = [GSSAPI]
	sasl.jaas.config = null
	sasl.kerberos.kinit.cmd = /usr/bin/kinit
	sasl.kerberos.min.time.before.relogin = 60000
	sasl.kerberos.principal.to.local.rules = [DEFAULT]
	sasl.kerberos.service.name = null
	sasl.kerberos.ticket.renew.jitter = 0.05
	sasl.kerberos.ticket.renew.window.factor = 0.8
	sasl.login.callback.handler.class = null
	sasl.login.class = null
	sasl.login.refresh.buffer.seconds = 300
	sasl.login.refresh.min.period.seconds = 60
	sasl.login.refresh.window.factor = 0.8
	sasl.login.refresh.window.jitter = 0.05
	sasl.mechanism.inter.broker.protocol = GSSAPI
	sasl.server.callback.handler.class = null
	security.inter.broker.protocol = PLAINTEXT
	socket.receive.buffer.bytes = 102400
	socket.request.max.bytes = 104857600
	socket.send.buffer.bytes = 102400
	ssl.cipher.suites = []
	ssl.client.auth = none
	ssl.enabled.protocols = [TLSv1.2, TLSv1.1, TLSv1]
	ssl.endpoint.identification.algorithm = https
	ssl.key.password = null
	ssl.keymanager.algorithm = SunX509
	ssl.keystore.location = null
	ssl.keystore.password = null
	ssl.keystore.type = JKS
	ssl.principal.mapping.rules = [DEFAULT]
	ssl.protocol = TLS
	ssl.provider = null
	ssl.secure.random.implementation = null
	ssl.trustmanager.algorithm = PKIX
	ssl.truststore.location = null
	ssl.truststore.password = null
	ssl.truststore.type = JKS
	transaction.abort.timed.out.transaction.cleanup.interval.ms = 60000
	transaction.max.timeout.ms = 900000
	transaction.remove.expired.transaction.cleanup.interval.ms = 3600000
	transaction.state.log.load.buffer.size = 5242880
	transaction.state.log.min.isr = 1
	transaction.state.log.num.partitions = 50
	transaction.state.log.replication.factor = 1
	transaction.state.log.segment.bytes = 104857600
	transactional.id.expiration.ms = 604800000
	unclean.leader.election.enable = false
	zookeeper.connect = 195.134.67.93:2181
	zookeeper.connection.timeout.ms = 6000
	zookeeper.max.in.flight.requests = 10
	zookeeper.session.timeout.ms = 6000
	zookeeper.set.acl = false
	zookeeper.sync.time.ms = 2000
 (kafka.server.KafkaConfig)
[2020-03-23 17:11:20,437] INFO KafkaConfig values: 
	advertised.host.name = null
	advertised.listeners = null
	advertised.port = null
	alter.config.policy.class.name = null
	alter.log.dirs.replication.quota.window.num = 11
	alter.log.dirs.replication.quota.window.size.seconds = 1
	authorizer.class.name = 
	auto.create.topics.enable = true
	auto.leader.rebalance.enable = true
	background.threads = 10
	broker.id = 0
	broker.id.generation.enable = true
	broker.rack = null
	client.quota.callback.class = null
	compression.type = producer
	connection.failed.authentication.delay.ms = 100
	connections.max.idle.ms = 600000
	connections.max.reauth.ms = 0
	control.plane.listener.name = null
	controlled.shutdown.enable = true
	controlled.shutdown.max.retries = 3
	controlled.shutdown.retry.backoff.ms = 5000
	controller.socket.timeout.ms = 30000
	create.topic.policy.class.name = null
	default.replication.factor = 1
	delegation.token.expiry.check.interval.ms = 3600000
	delegation.token.expiry.time.ms = 86400000
	delegation.token.master.key = null
	delegation.token.max.lifetime.ms = 604800000
	delete.records.purgatory.purge.interval.requests = 1
	delete.topic.enable = true
	fetch.purgatory.purge.interval.requests = 1000
	group.initial.rebalance.delay.ms = 0
	group.max.session.timeout.ms = 1800000
	group.max.size = 2147483647
	group.min.session.timeout.ms = 6000
	host.name = 
	inter.broker.listener.name = null
	inter.broker.protocol.version = 2.3-IV1
	kafka.metrics.polling.interval.secs = 10
	kafka.metrics.reporters = []
	leader.imbalance.check.interval.seconds = 300
	leader.imbalance.per.broker.percentage = 10
	listener.security.protocol.map = PLAINTEXT:PLAINTEXT,SSL:SSL,SASL_PLAINTEXT:SASL_PLAINTEXT,SASL_SSL:SASL_SSL
	listeners = PLAINTEXT://195.134.67.93:9090
	log.cleaner.backoff.ms = 15000
	log.cleaner.dedupe.buffer.size = 134217728
	log.cleaner.delete.retention.ms = 86400000
	log.cleaner.enable = true
	log.cleaner.io.buffer.load.factor = 0.9
	log.cleaner.io.buffer.size = 524288
	log.cleaner.io.max.bytes.per.second = 1.7976931348623157E308
	log.cleaner.max.compaction.lag.ms = 9223372036854775807
	log.cleaner.min.cleanable.ratio = 0.5
	log.cleaner.min.compaction.lag.ms = 0
	log.cleaner.threads = 1
	log.cleanup.policy = [delete]
	log.dir = /tmp/kafka-logs
	log.dirs = /data/sdi1500059/logs/kafka-logs-0
	log.flush.interval.messages = 9223372036854775807
	log.flush.interval.ms = null
	log.flush.offset.checkpoint.interval.ms = 60000
	log.flush.scheduler.interval.ms = 9223372036854775807
	log.flush.start.offset.checkpoint.interval.ms = 60000
	log.index.interval.bytes = 4096
	log.index.size.max.bytes = 10485760
	log.message.downconversion.enable = true
	log.message.format.version = 2.3-IV1
	log.message.timestamp.difference.max.ms = 9223372036854775807
	log.message.timestamp.type = CreateTime
	log.preallocate = false
	log.retention.bytes = -1
	log.retention.check.interval.ms = 300000
	log.retention.hours = 168
	log.retention.minutes = null
	log.retention.ms = null
	log.roll.hours = 168
	log.roll.jitter.hours = 0
	log.roll.jitter.ms = null
	log.roll.ms = null
	log.segment.bytes = 1073741824
	log.segment.delete.delay.ms = 60000
	max.connections = 2147483647
	max.connections.per.ip = 2147483647
	max.connections.per.ip.overrides = 
	max.incremental.fetch.session.cache.slots = 1000
	message.max.bytes = 1000012
	metric.reporters = []
	metrics.num.samples = 2
	metrics.recording.level = INFO
	metrics.sample.window.ms = 30000
	min.insync.replicas = 1
	num.io.threads = 8
	num.network.threads = 3
	num.partitions = 1
	num.recovery.threads.per.data.dir = 1
	num.replica.alter.log.dirs.threads = null
	num.replica.fetchers = 1
	offset.metadata.max.bytes = 4096
	offsets.commit.required.acks = -1
	offsets.commit.timeout.ms = 5000
	offsets.load.buffer.size = 5242880
	offsets.retention.check.interval.ms = 600000
	offsets.retention.minutes = 10080
	offsets.topic.compression.codec = 0
	offsets.topic.num.partitions = 50
	offsets.topic.replication.factor = 1
	offsets.topic.segment.bytes = 104857600
	password.encoder.cipher.algorithm = AES/CBC/PKCS5Padding
	password.encoder.iterations = 4096
	password.encoder.key.length = 128
	password.encoder.keyfactory.algorithm = null
	password.encoder.old.secret = null
	password.encoder.secret = null
	port = 9092
	principal.builder.class = null
	producer.purgatory.purge.interval.requests = 1000
	queued.max.request.bytes = -1
	queued.max.requests = 500
	quota.consumer.default = 9223372036854775807
	quota.producer.default = 9223372036854775807
	quota.window.num = 11
	quota.window.size.seconds = 1
	replica.fetch.backoff.ms = 1000
	replica.fetch.max.bytes = 1048576
	replica.fetch.min.bytes = 1
	replica.fetch.response.max.bytes = 10485760
	replica.fetch.wait.max.ms = 500
	replica.high.watermark.checkpoint.interval.ms = 5000
	replica.lag.time.max.ms = 10000
	replica.socket.receive.buffer.bytes = 65536
	replica.socket.timeout.ms = 30000
	replication.quota.window.num = 11
	replication.quota.window.size.seconds = 1
	request.timeout.ms = 30000
	reserved.broker.max.id = 1000
	sasl.client.callback.handler.class = null
	sasl.enabled.mechanisms = [GSSAPI]
	sasl.jaas.config = null
	sasl.kerberos.kinit.cmd = /usr/bin/kinit
	sasl.kerberos.min.time.before.relogin = 60000
	sasl.kerberos.principal.to.local.rules = [DEFAULT]
	sasl.kerberos.service.name = null
	sasl.kerberos.ticket.renew.jitter = 0.05
	sasl.kerberos.ticket.renew.window.factor = 0.8
	sasl.login.callback.handler.class = null
	sasl.login.class = null
	sasl.login.refresh.buffer.seconds = 300
	sasl.login.refresh.min.period.seconds = 60
	sasl.login.refresh.window.factor = 0.8
	sasl.login.refresh.window.jitter = 0.05
	sasl.mechanism.inter.broker.protocol = GSSAPI
	sasl.server.callback.handler.class = null
	security.inter.broker.protocol = PLAINTEXT
	socket.receive.buffer.bytes = 102400
	socket.request.max.bytes = 104857600
	socket.send.buffer.bytes = 102400
	ssl.cipher.suites = []
	ssl.client.auth = none
	ssl.enabled.protocols = [TLSv1.2, TLSv1.1, TLSv1]
	ssl.endpoint.identification.algorithm = https
	ssl.key.password = null
	ssl.keymanager.algorithm = SunX509
	ssl.keystore.location = null
	ssl.keystore.password = null
	ssl.keystore.type = JKS
	ssl.principal.mapping.rules = [DEFAULT]
	ssl.protocol = TLS
	ssl.provider = null
	ssl.secure.random.implementation = null
	ssl.trustmanager.algorithm = PKIX
	ssl.truststore.location = null
	ssl.truststore.password = null
	ssl.truststore.type = JKS
	transaction.abort.timed.out.transaction.cleanup.interval.ms = 60000
	transaction.max.timeout.ms = 900000
	transaction.remove.expired.transaction.cleanup.interval.ms = 3600000
	transaction.state.log.load.buffer.size = 5242880
	transaction.state.log.min.isr = 1
	transaction.state.log.num.partitions = 50
	transaction.state.log.replication.factor = 1
	transaction.state.log.segment.bytes = 104857600
	transactional.id.expiration.ms = 604800000
	unclean.leader.election.enable = false
	zookeeper.connect = 195.134.67.93:2181
	zookeeper.connection.timeout.ms = 6000
	zookeeper.max.in.flight.requests = 10
	zookeeper.session.timeout.ms = 6000
	zookeeper.set.acl = false
	zookeeper.sync.time.ms = 2000
 (kafka.server.KafkaConfig)
[2020-03-23 17:11:20,456] INFO [ThrottledChannelReaper-Fetch]: Starting (kafka.server.ClientQuotaManager$ThrottledChannelReaper)
[2020-03-23 17:11:20,456] INFO [ThrottledChannelReaper-Produce]: Starting (kafka.server.ClientQuotaManager$ThrottledChannelReaper)
[2020-03-23 17:11:20,456] INFO [ThrottledChannelReaper-Request]: Starting (kafka.server.ClientQuotaManager$ThrottledChannelReaper)
[2020-03-23 17:11:20,479] INFO Loading logs. (kafka.log.LogManager)
[2020-03-23 17:11:20,542] INFO [Log partition=test-part-1-rep-1-0, dir=/data/sdi1500059/logs/kafka-logs-0] Loading producer state till offset 274379108 with message format version 2 (kafka.log.Log)
[2020-03-23 17:11:20,550] INFO [ProducerStateManager partition=test-part-1-rep-1-0] Loading producer state from snapshot file '/data/sdi1500059/logs/kafka-logs-0/test-part-1-rep-1-0/00000000000274379108.snapshot' (kafka.log.ProducerStateManager)
[2020-03-23 17:11:20,559] INFO [Log partition=test-part-1-rep-1-0, dir=/data/sdi1500059/logs/kafka-logs-0] Completed load of log with 5 segments, log start offset 0 and log end offset 274379108 in 65 ms (kafka.log.Log)
[2020-03-23 17:11:20,568] INFO Logs loading complete in 89 ms. (kafka.log.LogManager)
[2020-03-23 17:11:20,576] INFO Starting log cleanup with a period of 300000 ms. (kafka.log.LogManager)
[2020-03-23 17:11:20,577] INFO Starting log flusher with a default period of 9223372036854775807 ms. (kafka.log.LogManager)
[2020-03-23 17:11:20,797] INFO Awaiting socket connections on 195.134.67.93:9090. (kafka.network.Acceptor)
[2020-03-23 17:11:20,829] INFO [SocketServer brokerId=0] Created data-plane acceptor and processors for endpoint : EndPoint(195.134.67.93,9090,ListenerName(PLAINTEXT),PLAINTEXT) (kafka.network.SocketServer)
[2020-03-23 17:11:20,830] INFO [SocketServer brokerId=0] Started 1 acceptor threads for data-plane (kafka.network.SocketServer)
[2020-03-23 17:11:20,848] INFO [ExpirationReaper-0-Produce]: Starting (kafka.server.DelayedOperationPurgatory$ExpiredOperationReaper)
[2020-03-23 17:11:20,849] INFO [ExpirationReaper-0-Fetch]: Starting (kafka.server.DelayedOperationPurgatory$ExpiredOperationReaper)
[2020-03-23 17:11:20,849] INFO [ExpirationReaper-0-DeleteRecords]: Starting (kafka.server.DelayedOperationPurgatory$ExpiredOperationReaper)
[2020-03-23 17:11:20,850] INFO [ExpirationReaper-0-ElectPreferredLeader]: Starting (kafka.server.DelayedOperationPurgatory$ExpiredOperationReaper)
[2020-03-23 17:11:20,858] INFO [LogDirFailureHandler]: Starting (kafka.server.ReplicaManager$LogDirFailureHandler)
[2020-03-23 17:11:20,890] INFO Creating /brokers/ids/0 (is it secure? false) (kafka.zk.KafkaZkClient)
[2020-03-23 17:11:20,901] INFO Stat of the created znode at /brokers/ids/0 is: 104,104,1584983480896,1584983480896,1,0,0,72133328311287814,196,0,104
 (kafka.zk.KafkaZkClient)
[2020-03-23 17:11:20,901] INFO Registered broker 0 at path /brokers/ids/0 with addresses: ArrayBuffer(EndPoint(195.134.67.93,9090,ListenerName(PLAINTEXT),PLAINTEXT)), czxid (broker epoch): 104 (kafka.zk.KafkaZkClient)
[2020-03-23 17:11:20,932] INFO [ExpirationReaper-0-topic]: Starting (kafka.server.DelayedOperationPurgatory$ExpiredOperationReaper)
[2020-03-23 17:11:20,934] INFO [ExpirationReaper-0-Heartbeat]: Starting (kafka.server.DelayedOperationPurgatory$ExpiredOperationReaper)
[2020-03-23 17:11:20,934] INFO [ExpirationReaper-0-Rebalance]: Starting (kafka.server.DelayedOperationPurgatory$ExpiredOperationReaper)
[2020-03-23 17:11:20,948] INFO [GroupCoordinator 0]: Starting up. (kafka.coordinator.group.GroupCoordinator)
[2020-03-23 17:11:20,949] INFO [GroupCoordinator 0]: Startup complete. (kafka.coordinator.group.GroupCoordinator)
[2020-03-23 17:11:20,953] INFO [GroupMetadataManager brokerId=0] Removed 0 expired offsets in 5 milliseconds. (kafka.coordinator.group.GroupMetadataManager)
[2020-03-23 17:11:20,960] INFO [ProducerId Manager 0]: Acquired new producerId block (brokerId:0,blockStartProducerId:2000,blockEndProducerId:2999) by writing to Zk with path version 3 (kafka.coordinator.transaction.ProducerIdManager)
[2020-03-23 17:11:20,976] INFO [TransactionCoordinator id=0] Starting up. (kafka.coordinator.transaction.TransactionCoordinator)
[2020-03-23 17:11:20,977] INFO [Transaction Marker Channel Manager 0]: Starting (kafka.coordinator.transaction.TransactionMarkerChannelManager)
[2020-03-23 17:11:20,977] INFO [TransactionCoordinator id=0] Startup complete. (kafka.coordinator.transaction.TransactionCoordinator)
[2020-03-23 17:11:21,012] INFO [/config/changes-event-process-thread]: Starting (kafka.common.ZkNodeChangeNotificationListener$ChangeEventProcessThread)
[2020-03-23 17:11:21,020] INFO Got user-level KeeperException when processing sessionid:0x10044e142760006 type:multi cxid:0x30 zxid:0x6b txntype:-1 reqpath:n/a aborting remaining multi ops. Error Path:/admin/preferred_replica_election Error:KeeperErrorCode = NoNode for /admin/preferred_replica_election (org.apache.zookeeper.server.PrepRequestProcessor)
[2020-03-23 17:11:21,051] INFO [SocketServer brokerId=0] Started data-plane processors for 1 acceptors (kafka.network.SocketServer)
[2020-03-23 17:11:21,055] INFO Kafka version: 2.3.0 (org.apache.kafka.common.utils.AppInfoParser)
[2020-03-23 17:11:21,055] INFO Kafka commitId: fc1aaa116b661c8a (org.apache.kafka.common.utils.AppInfoParser)
[2020-03-23 17:11:21,055] INFO Kafka startTimeMs: 1584983481051 (org.apache.kafka.common.utils.AppInfoParser)
[2020-03-23 17:11:21,056] INFO [KafkaServer id=0] started (kafka.server.KafkaServer)
[2020-03-23 17:11:21,082] INFO [ReplicaFetcherManager on broker 0] Removed fetcher for partitions Set(test-part-1-rep-1-0) (kafka.server.ReplicaFetcherManager)
[2020-03-23 17:11:21,087] INFO Replica loaded for partition test-part-1-rep-1-0 with initial high watermark 274379108 (kafka.cluster.Replica)
[2020-03-23 17:11:21,090] INFO [Partition test-part-1-rep-1-0 broker=0] test-part-1-rep-1-0 starts at Leader Epoch 0 from offset 274379108. Previous Leader Epoch was: -1 (kafka.cluster.Partition)
[2020-03-23 17:11:48,128] INFO Accepted socket connection from /195.134.67.93:48254 (org.apache.zookeeper.server.NIOServerCnxnFactory)
[2020-03-23 17:11:48,129] INFO Client attempting to establish new session at /195.134.67.93:48254 (org.apache.zookeeper.server.ZooKeeperServer)
[2020-03-23 17:11:48,132] INFO Established session 0x10044e142760007 with negotiated timeout 30000 for client /195.134.67.93:48254 (org.apache.zookeeper.server.ZooKeeperServer)
[2020-03-23 17:11:48,289] INFO Processed session termination for sessionid: 0x10044e142760007 (org.apache.zookeeper.server.PrepRequestProcessor)
[2020-03-23 17:11:48,291] INFO Closed socket connection for client /195.134.67.93:48254 which had sessionid 0x10044e142760007 (org.apache.zookeeper.server.NIOServerCnxn)
[2020-03-23 17:12:04,062] INFO Accepted socket connection from /195.134.67.93:48256 (org.apache.zookeeper.server.NIOServerCnxnFactory)
[2020-03-23 17:12:04,064] INFO Client attempting to establish new session at /195.134.67.93:48256 (org.apache.zookeeper.server.ZooKeeperServer)
[2020-03-23 17:12:04,066] INFO Established session 0x10044e142760008 with negotiated timeout 30000 for client /195.134.67.93:48256 (org.apache.zookeeper.server.ZooKeeperServer)
[2020-03-23 17:12:04,094] INFO Processed session termination for sessionid: 0x10044e142760008 (org.apache.zookeeper.server.PrepRequestProcessor)
[2020-03-23 17:12:04,096] INFO Closed socket connection for client /195.134.67.93:48256 which had sessionid 0x10044e142760008 (org.apache.zookeeper.server.NIOServerCnxn)
[2020-03-23 17:12:10,092] INFO Accepted socket connection from /195.134.67.93:48258 (org.apache.zookeeper.server.NIOServerCnxnFactory)
[2020-03-23 17:12:10,094] INFO Client attempting to establish new session at /195.134.67.93:48258 (org.apache.zookeeper.server.ZooKeeperServer)
[2020-03-23 17:12:10,097] INFO Established session 0x10044e142760009 with negotiated timeout 30000 for client /195.134.67.93:48258 (org.apache.zookeeper.server.ZooKeeperServer)
[2020-03-23 17:12:10,148] INFO Processed session termination for sessionid: 0x10044e142760009 (org.apache.zookeeper.server.PrepRequestProcessor)
[2020-03-23 17:12:10,151] INFO Closed socket connection for client /195.134.67.93:48258 which had sessionid 0x10044e142760009 (org.apache.zookeeper.server.NIOServerCnxn)
[2020-03-23 17:12:10,166] INFO [GroupCoordinator 0]: Removed 0 offsets associated with deleted partitions: test-part-1-rep-1-0. (kafka.coordinator.group.GroupCoordinator)
[2020-03-23 17:12:10,188] INFO [ReplicaFetcherManager on broker 0] Removed fetcher for partitions Set(test-part-1-rep-1-0) (kafka.server.ReplicaFetcherManager)
[2020-03-23 17:12:10,188] INFO [ReplicaAlterLogDirsManager on broker 0] Removed fetcher for partitions Set(test-part-1-rep-1-0) (kafka.server.ReplicaAlterLogDirsManager)
[2020-03-23 17:12:10,190] INFO [ReplicaFetcherManager on broker 0] Removed fetcher for partitions Set(test-part-1-rep-1-0) (kafka.server.ReplicaFetcherManager)
[2020-03-23 17:12:10,190] INFO [ReplicaAlterLogDirsManager on broker 0] Removed fetcher for partitions Set(test-part-1-rep-1-0) (kafka.server.ReplicaAlterLogDirsManager)
[2020-03-23 17:12:10,205] INFO Log for partition test-part-1-rep-1-0 is renamed to /data/sdi1500059/logs/kafka-logs-0/test-part-1-rep-1-0.54c492b171c34882ace0e8880e10be17-delete and is scheduled for deletion (kafka.log.LogManager)
[2020-03-23 17:12:15,757] INFO Accepted socket connection from /195.134.67.93:48260 (org.apache.zookeeper.server.NIOServerCnxnFactory)
[2020-03-23 17:12:15,759] INFO Client attempting to establish new session at /195.134.67.93:48260 (org.apache.zookeeper.server.ZooKeeperServer)
[2020-03-23 17:12:15,763] INFO Established session 0x10044e14276000a with negotiated timeout 30000 for client /195.134.67.93:48260 (org.apache.zookeeper.server.ZooKeeperServer)
[2020-03-23 17:12:15,790] INFO Processed session termination for sessionid: 0x10044e14276000a (org.apache.zookeeper.server.PrepRequestProcessor)
[2020-03-23 17:12:15,792] INFO Closed socket connection for client /195.134.67.93:48260 which had sessionid 0x10044e14276000a (org.apache.zookeeper.server.NIOServerCnxn)
[2020-03-23 17:12:28,982] INFO Accepted socket connection from /195.134.67.93:48262 (org.apache.zookeeper.server.NIOServerCnxnFactory)
[2020-03-23 17:12:28,983] INFO Client attempting to establish new session at /195.134.67.93:48262 (org.apache.zookeeper.server.ZooKeeperServer)
[2020-03-23 17:12:28,986] INFO Established session 0x10044e14276000b with negotiated timeout 30000 for client /195.134.67.93:48262 (org.apache.zookeeper.server.ZooKeeperServer)
[2020-03-23 17:12:29,010] INFO Processed session termination for sessionid: 0x10044e14276000b (org.apache.zookeeper.server.PrepRequestProcessor)
[2020-03-23 17:12:29,013] INFO Closed socket connection for client /195.134.67.93:48262 which had sessionid 0x10044e14276000b (org.apache.zookeeper.server.NIOServerCnxn)
[2020-03-23 17:13:10,312] INFO Deleted log /data/sdi1500059/logs/kafka-logs-0/test-part-1-rep-1-0.54c492b171c34882ace0e8880e10be17-delete/00000000000000000000.log. (kafka.log.LogSegment)
[2020-03-23 17:13:10,316] INFO Deleted offset index /data/sdi1500059/logs/kafka-logs-0/test-part-1-rep-1-0.54c492b171c34882ace0e8880e10be17-delete/00000000000000000000.index. (kafka.log.LogSegment)
[2020-03-23 17:13:10,316] INFO Deleted time index /data/sdi1500059/logs/kafka-logs-0/test-part-1-rep-1-0.54c492b171c34882ace0e8880e10be17-delete/00000000000000000000.timeindex. (kafka.log.LogSegment)
[2020-03-23 17:13:10,406] INFO Deleted log /data/sdi1500059/logs/kafka-logs-0/test-part-1-rep-1-0.54c492b171c34882ace0e8880e10be17-delete/00000000000059702716.log. (kafka.log.LogSegment)
[2020-03-23 17:13:10,407] INFO Deleted offset index /data/sdi1500059/logs/kafka-logs-0/test-part-1-rep-1-0.54c492b171c34882ace0e8880e10be17-delete/00000000000059702716.index. (kafka.log.LogSegment)
[2020-03-23 17:13:10,407] INFO Deleted time index /data/sdi1500059/logs/kafka-logs-0/test-part-1-rep-1-0.54c492b171c34882ace0e8880e10be17-delete/00000000000059702716.timeindex. (kafka.log.LogSegment)
[2020-03-23 17:13:10,496] INFO Deleted log /data/sdi1500059/logs/kafka-logs-0/test-part-1-rep-1-0.54c492b171c34882ace0e8880e10be17-delete/00000000000119411156.log. (kafka.log.LogSegment)
[2020-03-23 17:13:10,496] INFO Deleted offset index /data/sdi1500059/logs/kafka-logs-0/test-part-1-rep-1-0.54c492b171c34882ace0e8880e10be17-delete/00000000000119411156.index. (kafka.log.LogSegment)
[2020-03-23 17:13:10,497] INFO Deleted time index /data/sdi1500059/logs/kafka-logs-0/test-part-1-rep-1-0.54c492b171c34882ace0e8880e10be17-delete/00000000000119411156.timeindex. (kafka.log.LogSegment)
[2020-03-23 17:13:10,586] INFO Deleted log /data/sdi1500059/logs/kafka-logs-0/test-part-1-rep-1-0.54c492b171c34882ace0e8880e10be17-delete/00000000000179117825.log. (kafka.log.LogSegment)
[2020-03-23 17:13:10,586] INFO Deleted offset index /data/sdi1500059/logs/kafka-logs-0/test-part-1-rep-1-0.54c492b171c34882ace0e8880e10be17-delete/00000000000179117825.index. (kafka.log.LogSegment)
[2020-03-23 17:13:10,586] INFO Deleted time index /data/sdi1500059/logs/kafka-logs-0/test-part-1-rep-1-0.54c492b171c34882ace0e8880e10be17-delete/00000000000179117825.timeindex. (kafka.log.LogSegment)
[2020-03-23 17:13:10,640] INFO Deleted log /data/sdi1500059/logs/kafka-logs-0/test-part-1-rep-1-0.54c492b171c34882ace0e8880e10be17-delete/00000000000238825855.log. (kafka.log.LogSegment)
[2020-03-23 17:13:10,640] INFO Deleted offset index /data/sdi1500059/logs/kafka-logs-0/test-part-1-rep-1-0.54c492b171c34882ace0e8880e10be17-delete/00000000000238825855.index. (kafka.log.LogSegment)
[2020-03-23 17:13:10,640] INFO Deleted time index /data/sdi1500059/logs/kafka-logs-0/test-part-1-rep-1-0.54c492b171c34882ace0e8880e10be17-delete/00000000000238825855.timeindex. (kafka.log.LogSegment)
[2020-03-23 17:13:10,642] INFO Deleted log for partition test-part-1-rep-1-0 in /data/sdi1500059/logs/kafka-logs-0/test-part-1-rep-1-0.54c492b171c34882ace0e8880e10be17-delete. (kafka.log.LogManager)
