[2020-04-14 19:02:47,108] TRACE [Broker id=1] Received LeaderAndIsr request PartitionState(controllerEpoch=1, leader=0, leaderEpoch=1, isr=0,1,2,3, zkVersion=6, replicas=4,0,1,2,3, isNew=false) correlation id 30 from controller 0 epoch 1 for partition test-part-5-rep-5-0 (state.change.logger)
[2020-04-14 19:02:47,111] TRACE [Broker id=1] Handling LeaderAndIsr request correlationId 30 from controller 0 epoch 1 starting the become-follower transition for partition test-part-5-rep-5-0 with leader 0 (state.change.logger)
[2020-04-14 19:02:47,112] TRACE [Broker id=1] Stopped fetchers as part of become-follower request from controller 0 epoch 1 with correlation id 30 for partition test-part-5-rep-5-0 with leader 0 (state.change.logger)
[2020-04-14 19:02:47,112] TRACE [Broker id=1] Truncated logs and checkpointed recovery boundaries for partition test-part-5-rep-5-0 as part of become-follower request with correlation id 30 from controller 0 epoch 1 with leader 0 (state.change.logger)
[2020-04-14 19:02:47,114] TRACE [Broker id=1] Skipped the adding-fetcher step of the become-follower state change with correlation id 30 from controller 0 epoch 1 for partition test-part-5-rep-5-0 with leader 0 since it is shutting down (state.change.logger)
[2020-04-14 19:02:47,114] TRACE [Broker id=1] Completed LeaderAndIsr request correlationId 30 from controller 0 epoch 1 for the become-follower transition for partition test-part-5-rep-5-0 with leader 0 (state.change.logger)
[2020-04-14 19:02:47,118] TRACE [Broker id=1] Cached leader info PartitionState(controllerEpoch=1, leader=0, leaderEpoch=1, isr=[0, 1, 2, 3], zkVersion=6, replicas=[4, 0, 1, 2, 3], offlineReplicas=[4]) for partition test-part-5-rep-5-0 in response to UpdateMetadata request sent by controller 0 epoch 1 with correlation id 31 (state.change.logger)
[2020-04-14 19:02:47,122] TRACE [Broker id=1] Received LeaderAndIsr request PartitionState(controllerEpoch=1, leader=3, leaderEpoch=1, isr=0,1,2,3, zkVersion=6, replicas=3,4,0,1,2, isNew=false) correlation id 32 from controller 0 epoch 1 for partition test-part-5-rep-5-4 (state.change.logger)
[2020-04-14 19:02:47,122] TRACE [Broker id=1] Received LeaderAndIsr request PartitionState(controllerEpoch=1, leader=0, leaderEpoch=1, isr=0,1,2,3, zkVersion=6, replicas=0,1,2,3,4, isNew=false) correlation id 32 from controller 0 epoch 1 for partition test-part-5-rep-5-1 (state.change.logger)
[2020-04-14 19:02:47,122] TRACE [Broker id=1] Received LeaderAndIsr request PartitionState(controllerEpoch=1, leader=1, leaderEpoch=1, isr=0,1,2,3, zkVersion=6, replicas=1,2,3,4,0, isNew=false) correlation id 32 from controller 0 epoch 1 for partition test-part-5-rep-5-2 (state.change.logger)
[2020-04-14 19:02:47,122] TRACE [Broker id=1] Received LeaderAndIsr request PartitionState(controllerEpoch=1, leader=2, leaderEpoch=1, isr=0,1,2,3, zkVersion=6, replicas=2,3,4,0,1, isNew=false) correlation id 32 from controller 0 epoch 1 for partition test-part-5-rep-5-3 (state.change.logger)
[2020-04-14 19:02:47,123] TRACE [Broker id=1] Handling LeaderAndIsr request correlationId 32 from controller 0 epoch 1 starting the become-leader transition for partition test-part-5-rep-5-2 (state.change.logger)
[2020-04-14 19:02:47,133] INFO [Broker id=1] Skipped the become-leader state change after marking its partition as leader with correlation id 32 from controller 0 epoch 1 for partition test-part-5-rep-5-2 (last update controller epoch 1) since it is already the leader for the partition. (state.change.logger)
[2020-04-14 19:02:47,133] TRACE [Broker id=1] Completed LeaderAndIsr request correlationId 32 from controller 0 epoch 1 for the become-leader transition for partition test-part-5-rep-5-2 (state.change.logger)
[2020-04-14 19:02:47,133] TRACE [Broker id=1] Handling LeaderAndIsr request correlationId 32 from controller 0 epoch 1 starting the become-follower transition for partition test-part-5-rep-5-1 with leader 0 (state.change.logger)
[2020-04-14 19:02:47,133] TRACE [Broker id=1] Handling LeaderAndIsr request correlationId 32 from controller 0 epoch 1 starting the become-follower transition for partition test-part-5-rep-5-3 with leader 2 (state.change.logger)
[2020-04-14 19:02:47,133] TRACE [Broker id=1] Handling LeaderAndIsr request correlationId 32 from controller 0 epoch 1 starting the become-follower transition for partition test-part-5-rep-5-4 with leader 3 (state.change.logger)
[2020-04-14 19:02:47,134] TRACE [Broker id=1] Stopped fetchers as part of become-follower request from controller 0 epoch 1 with correlation id 32 for partition test-part-5-rep-5-4 with leader 3 (state.change.logger)
[2020-04-14 19:02:47,134] TRACE [Broker id=1] Stopped fetchers as part of become-follower request from controller 0 epoch 1 with correlation id 32 for partition test-part-5-rep-5-3 with leader 2 (state.change.logger)
[2020-04-14 19:02:47,134] TRACE [Broker id=1] Stopped fetchers as part of become-follower request from controller 0 epoch 1 with correlation id 32 for partition test-part-5-rep-5-1 with leader 0 (state.change.logger)
[2020-04-14 19:02:47,134] TRACE [Broker id=1] Truncated logs and checkpointed recovery boundaries for partition test-part-5-rep-5-4 as part of become-follower request with correlation id 32 from controller 0 epoch 1 with leader 3 (state.change.logger)
[2020-04-14 19:02:47,134] TRACE [Broker id=1] Truncated logs and checkpointed recovery boundaries for partition test-part-5-rep-5-3 as part of become-follower request with correlation id 32 from controller 0 epoch 1 with leader 2 (state.change.logger)
[2020-04-14 19:02:47,134] TRACE [Broker id=1] Truncated logs and checkpointed recovery boundaries for partition test-part-5-rep-5-1 as part of become-follower request with correlation id 32 from controller 0 epoch 1 with leader 0 (state.change.logger)
[2020-04-14 19:02:47,134] TRACE [Broker id=1] Skipped the adding-fetcher step of the become-follower state change with correlation id 32 from controller 0 epoch 1 for partition test-part-5-rep-5-4 with leader 3 since it is shutting down (state.change.logger)
[2020-04-14 19:02:47,134] TRACE [Broker id=1] Skipped the adding-fetcher step of the become-follower state change with correlation id 32 from controller 0 epoch 1 for partition test-part-5-rep-5-3 with leader 2 since it is shutting down (state.change.logger)
[2020-04-14 19:02:47,134] TRACE [Broker id=1] Skipped the adding-fetcher step of the become-follower state change with correlation id 32 from controller 0 epoch 1 for partition test-part-5-rep-5-1 with leader 0 since it is shutting down (state.change.logger)
[2020-04-14 19:02:47,134] TRACE [Broker id=1] Completed LeaderAndIsr request correlationId 32 from controller 0 epoch 1 for the become-follower transition for partition test-part-5-rep-5-1 with leader 0 (state.change.logger)
[2020-04-14 19:02:47,134] TRACE [Broker id=1] Completed LeaderAndIsr request correlationId 32 from controller 0 epoch 1 for the become-follower transition for partition test-part-5-rep-5-3 with leader 2 (state.change.logger)
[2020-04-14 19:02:47,134] TRACE [Broker id=1] Completed LeaderAndIsr request correlationId 32 from controller 0 epoch 1 for the become-follower transition for partition test-part-5-rep-5-4 with leader 3 (state.change.logger)
[2020-04-14 19:02:47,151] TRACE [Broker id=1] Cached leader info PartitionState(controllerEpoch=1, leader=3, leaderEpoch=1, isr=[0, 1, 2, 3], zkVersion=6, replicas=[3, 4, 0, 1, 2], offlineReplicas=[4]) for partition test-part-5-rep-5-4 in response to UpdateMetadata request sent by controller 0 epoch 1 with correlation id 33 (state.change.logger)
[2020-04-14 19:02:47,151] TRACE [Broker id=1] Cached leader info PartitionState(controllerEpoch=1, leader=0, leaderEpoch=1, isr=[0, 1, 2, 3], zkVersion=6, replicas=[0, 1, 2, 3, 4], offlineReplicas=[4]) for partition test-part-5-rep-5-1 in response to UpdateMetadata request sent by controller 0 epoch 1 with correlation id 33 (state.change.logger)
[2020-04-14 19:02:47,151] TRACE [Broker id=1] Cached leader info PartitionState(controllerEpoch=1, leader=1, leaderEpoch=1, isr=[0, 1, 2, 3], zkVersion=6, replicas=[1, 2, 3, 4, 0], offlineReplicas=[4]) for partition test-part-5-rep-5-2 in response to UpdateMetadata request sent by controller 0 epoch 1 with correlation id 33 (state.change.logger)
[2020-04-14 19:02:47,151] TRACE [Broker id=1] Cached leader info PartitionState(controllerEpoch=1, leader=2, leaderEpoch=1, isr=[0, 1, 2, 3], zkVersion=6, replicas=[2, 3, 4, 0, 1], offlineReplicas=[4]) for partition test-part-5-rep-5-3 in response to UpdateMetadata request sent by controller 0 epoch 1 with correlation id 33 (state.change.logger)
[2020-04-14 19:02:47,151] TRACE [Broker id=1] Received LeaderAndIsr request PartitionState(controllerEpoch=1, leader=0, leaderEpoch=2, isr=0,1,2, zkVersion=7, replicas=3,4,0,1,2, isNew=false) correlation id 34 from controller 0 epoch 1 for partition test-part-5-rep-5-4 (state.change.logger)
[2020-04-14 19:02:47,152] TRACE [Broker id=1] Handling LeaderAndIsr request correlationId 34 from controller 0 epoch 1 starting the become-follower transition for partition test-part-5-rep-5-4 with leader 0 (state.change.logger)
[2020-04-14 19:02:47,152] TRACE [Broker id=1] Stopped fetchers as part of become-follower request from controller 0 epoch 1 with correlation id 34 for partition test-part-5-rep-5-4 with leader 0 (state.change.logger)
[2020-04-14 19:02:47,152] TRACE [Broker id=1] Truncated logs and checkpointed recovery boundaries for partition test-part-5-rep-5-4 as part of become-follower request with correlation id 34 from controller 0 epoch 1 with leader 0 (state.change.logger)
[2020-04-14 19:02:47,152] TRACE [Broker id=1] Skipped the adding-fetcher step of the become-follower state change with correlation id 34 from controller 0 epoch 1 for partition test-part-5-rep-5-4 with leader 0 since it is shutting down (state.change.logger)
[2020-04-14 19:02:47,152] TRACE [Broker id=1] Completed LeaderAndIsr request correlationId 34 from controller 0 epoch 1 for the become-follower transition for partition test-part-5-rep-5-4 with leader 0 (state.change.logger)
[2020-04-14 19:02:47,153] TRACE [Broker id=1] Cached leader info PartitionState(controllerEpoch=1, leader=0, leaderEpoch=2, isr=[0, 1, 2], zkVersion=7, replicas=[3, 4, 0, 1, 2], offlineReplicas=[3, 4]) for partition test-part-5-rep-5-4 in response to UpdateMetadata request sent by controller 0 epoch 1 with correlation id 35 (state.change.logger)
[2020-04-14 19:02:47,160] TRACE [Broker id=1] Received LeaderAndIsr request PartitionState(controllerEpoch=1, leader=0, leaderEpoch=2, isr=0,1,2, zkVersion=7, replicas=4,0,1,2,3, isNew=false) correlation id 36 from controller 0 epoch 1 for partition test-part-5-rep-5-0 (state.change.logger)
[2020-04-14 19:02:47,160] TRACE [Broker id=1] Received LeaderAndIsr request PartitionState(controllerEpoch=1, leader=0, leaderEpoch=2, isr=0,1,2, zkVersion=7, replicas=0,1,2,3,4, isNew=false) correlation id 36 from controller 0 epoch 1 for partition test-part-5-rep-5-1 (state.change.logger)
[2020-04-14 19:02:47,160] TRACE [Broker id=1] Received LeaderAndIsr request PartitionState(controllerEpoch=1, leader=1, leaderEpoch=2, isr=0,1,2, zkVersion=7, replicas=1,2,3,4,0, isNew=false) correlation id 36 from controller 0 epoch 1 for partition test-part-5-rep-5-2 (state.change.logger)
[2020-04-14 19:02:47,160] TRACE [Broker id=1] Received LeaderAndIsr request PartitionState(controllerEpoch=1, leader=2, leaderEpoch=2, isr=0,1,2, zkVersion=7, replicas=2,3,4,0,1, isNew=false) correlation id 36 from controller 0 epoch 1 for partition test-part-5-rep-5-3 (state.change.logger)
[2020-04-14 19:02:47,160] TRACE [Broker id=1] Handling LeaderAndIsr request correlationId 36 from controller 0 epoch 1 starting the become-leader transition for partition test-part-5-rep-5-2 (state.change.logger)
[2020-04-14 19:02:47,170] INFO [Broker id=1] Skipped the become-leader state change after marking its partition as leader with correlation id 36 from controller 0 epoch 1 for partition test-part-5-rep-5-2 (last update controller epoch 1) since it is already the leader for the partition. (state.change.logger)
[2020-04-14 19:02:47,170] TRACE [Broker id=1] Completed LeaderAndIsr request correlationId 36 from controller 0 epoch 1 for the become-leader transition for partition test-part-5-rep-5-2 (state.change.logger)
[2020-04-14 19:02:47,170] TRACE [Broker id=1] Handling LeaderAndIsr request correlationId 36 from controller 0 epoch 1 starting the become-follower transition for partition test-part-5-rep-5-1 with leader 0 (state.change.logger)
[2020-04-14 19:02:47,170] TRACE [Broker id=1] Handling LeaderAndIsr request correlationId 36 from controller 0 epoch 1 starting the become-follower transition for partition test-part-5-rep-5-3 with leader 2 (state.change.logger)
[2020-04-14 19:02:47,170] TRACE [Broker id=1] Handling LeaderAndIsr request correlationId 36 from controller 0 epoch 1 starting the become-follower transition for partition test-part-5-rep-5-0 with leader 0 (state.change.logger)
[2020-04-14 19:02:47,170] TRACE [Broker id=1] Stopped fetchers as part of become-follower request from controller 0 epoch 1 with correlation id 36 for partition test-part-5-rep-5-0 with leader 0 (state.change.logger)
[2020-04-14 19:02:47,170] TRACE [Broker id=1] Stopped fetchers as part of become-follower request from controller 0 epoch 1 with correlation id 36 for partition test-part-5-rep-5-3 with leader 2 (state.change.logger)
[2020-04-14 19:02:47,170] TRACE [Broker id=1] Stopped fetchers as part of become-follower request from controller 0 epoch 1 with correlation id 36 for partition test-part-5-rep-5-1 with leader 0 (state.change.logger)
[2020-04-14 19:02:47,170] TRACE [Broker id=1] Truncated logs and checkpointed recovery boundaries for partition test-part-5-rep-5-0 as part of become-follower request with correlation id 36 from controller 0 epoch 1 with leader 0 (state.change.logger)
[2020-04-14 19:02:47,170] TRACE [Broker id=1] Truncated logs and checkpointed recovery boundaries for partition test-part-5-rep-5-3 as part of become-follower request with correlation id 36 from controller 0 epoch 1 with leader 2 (state.change.logger)
[2020-04-14 19:02:47,170] TRACE [Broker id=1] Truncated logs and checkpointed recovery boundaries for partition test-part-5-rep-5-1 as part of become-follower request with correlation id 36 from controller 0 epoch 1 with leader 0 (state.change.logger)
[2020-04-14 19:02:47,170] TRACE [Broker id=1] Skipped the adding-fetcher step of the become-follower state change with correlation id 36 from controller 0 epoch 1 for partition test-part-5-rep-5-0 with leader 0 since it is shutting down (state.change.logger)
[2020-04-14 19:02:47,170] TRACE [Broker id=1] Skipped the adding-fetcher step of the become-follower state change with correlation id 36 from controller 0 epoch 1 for partition test-part-5-rep-5-3 with leader 2 since it is shutting down (state.change.logger)
[2020-04-14 19:02:47,170] TRACE [Broker id=1] Skipped the adding-fetcher step of the become-follower state change with correlation id 36 from controller 0 epoch 1 for partition test-part-5-rep-5-1 with leader 0 since it is shutting down (state.change.logger)
[2020-04-14 19:02:47,171] TRACE [Broker id=1] Completed LeaderAndIsr request correlationId 36 from controller 0 epoch 1 for the become-follower transition for partition test-part-5-rep-5-1 with leader 0 (state.change.logger)
[2020-04-14 19:02:47,171] TRACE [Broker id=1] Completed LeaderAndIsr request correlationId 36 from controller 0 epoch 1 for the become-follower transition for partition test-part-5-rep-5-3 with leader 2 (state.change.logger)
[2020-04-14 19:02:47,171] TRACE [Broker id=1] Completed LeaderAndIsr request correlationId 36 from controller 0 epoch 1 for the become-follower transition for partition test-part-5-rep-5-0 with leader 0 (state.change.logger)
[2020-04-14 19:02:47,172] TRACE [Broker id=1] Cached leader info PartitionState(controllerEpoch=1, leader=0, leaderEpoch=2, isr=[0, 1, 2], zkVersion=7, replicas=[4, 0, 1, 2, 3], offlineReplicas=[4, 3]) for partition test-part-5-rep-5-0 in response to UpdateMetadata request sent by controller 0 epoch 1 with correlation id 37 (state.change.logger)
[2020-04-14 19:02:47,172] TRACE [Broker id=1] Cached leader info PartitionState(controllerEpoch=1, leader=0, leaderEpoch=2, isr=[0, 1, 2], zkVersion=7, replicas=[0, 1, 2, 3, 4], offlineReplicas=[3, 4]) for partition test-part-5-rep-5-1 in response to UpdateMetadata request sent by controller 0 epoch 1 with correlation id 37 (state.change.logger)
[2020-04-14 19:02:47,172] TRACE [Broker id=1] Cached leader info PartitionState(controllerEpoch=1, leader=1, leaderEpoch=2, isr=[0, 1, 2], zkVersion=7, replicas=[1, 2, 3, 4, 0], offlineReplicas=[3, 4]) for partition test-part-5-rep-5-2 in response to UpdateMetadata request sent by controller 0 epoch 1 with correlation id 37 (state.change.logger)
[2020-04-14 19:02:47,172] TRACE [Broker id=1] Cached leader info PartitionState(controllerEpoch=1, leader=2, leaderEpoch=2, isr=[0, 1, 2], zkVersion=7, replicas=[2, 3, 4, 0, 1], offlineReplicas=[3, 4]) for partition test-part-5-rep-5-3 in response to UpdateMetadata request sent by controller 0 epoch 1 with correlation id 37 (state.change.logger)
[2020-04-14 19:02:47,172] TRACE [Broker id=1] Received LeaderAndIsr request PartitionState(controllerEpoch=1, leader=0, leaderEpoch=3, isr=0,1, zkVersion=8, replicas=2,3,4,0,1, isNew=false) correlation id 38 from controller 0 epoch 1 for partition test-part-5-rep-5-3 (state.change.logger)
[2020-04-14 19:02:47,172] TRACE [Broker id=1] Handling LeaderAndIsr request correlationId 38 from controller 0 epoch 1 starting the become-follower transition for partition test-part-5-rep-5-3 with leader 0 (state.change.logger)
[2020-04-14 19:02:47,173] TRACE [Broker id=1] Stopped fetchers as part of become-follower request from controller 0 epoch 1 with correlation id 38 for partition test-part-5-rep-5-3 with leader 0 (state.change.logger)
[2020-04-14 19:02:47,173] TRACE [Broker id=1] Truncated logs and checkpointed recovery boundaries for partition test-part-5-rep-5-3 as part of become-follower request with correlation id 38 from controller 0 epoch 1 with leader 0 (state.change.logger)
[2020-04-14 19:02:47,173] TRACE [Broker id=1] Skipped the adding-fetcher step of the become-follower state change with correlation id 38 from controller 0 epoch 1 for partition test-part-5-rep-5-3 with leader 0 since it is shutting down (state.change.logger)
[2020-04-14 19:02:47,173] TRACE [Broker id=1] Completed LeaderAndIsr request correlationId 38 from controller 0 epoch 1 for the become-follower transition for partition test-part-5-rep-5-3 with leader 0 (state.change.logger)
[2020-04-14 19:02:47,174] TRACE [Broker id=1] Cached leader info PartitionState(controllerEpoch=1, leader=0, leaderEpoch=3, isr=[0, 1], zkVersion=8, replicas=[2, 3, 4, 0, 1], offlineReplicas=[2, 3, 4]) for partition test-part-5-rep-5-3 in response to UpdateMetadata request sent by controller 0 epoch 1 with correlation id 39 (state.change.logger)
[2020-04-14 19:02:47,185] TRACE [Broker id=1] Received LeaderAndIsr request PartitionState(controllerEpoch=1, leader=0, leaderEpoch=3, isr=0,1, zkVersion=8, replicas=3,4,0,1,2, isNew=false) correlation id 40 from controller 0 epoch 1 for partition test-part-5-rep-5-4 (state.change.logger)
[2020-04-14 19:02:47,185] TRACE [Broker id=1] Received LeaderAndIsr request PartitionState(controllerEpoch=1, leader=0, leaderEpoch=3, isr=0,1, zkVersion=8, replicas=4,0,1,2,3, isNew=false) correlation id 40 from controller 0 epoch 1 for partition test-part-5-rep-5-0 (state.change.logger)
[2020-04-14 19:02:47,185] TRACE [Broker id=1] Received LeaderAndIsr request PartitionState(controllerEpoch=1, leader=0, leaderEpoch=3, isr=0,1, zkVersion=8, replicas=0,1,2,3,4, isNew=false) correlation id 40 from controller 0 epoch 1 for partition test-part-5-rep-5-1 (state.change.logger)
[2020-04-14 19:02:47,185] TRACE [Broker id=1] Received LeaderAndIsr request PartitionState(controllerEpoch=1, leader=1, leaderEpoch=3, isr=0,1, zkVersion=8, replicas=1,2,3,4,0, isNew=false) correlation id 40 from controller 0 epoch 1 for partition test-part-5-rep-5-2 (state.change.logger)
[2020-04-14 19:02:47,185] TRACE [Broker id=1] Handling LeaderAndIsr request correlationId 40 from controller 0 epoch 1 starting the become-leader transition for partition test-part-5-rep-5-2 (state.change.logger)
[2020-04-14 19:02:47,194] INFO [Broker id=1] Skipped the become-leader state change after marking its partition as leader with correlation id 40 from controller 0 epoch 1 for partition test-part-5-rep-5-2 (last update controller epoch 1) since it is already the leader for the partition. (state.change.logger)
[2020-04-14 19:02:47,194] TRACE [Broker id=1] Completed LeaderAndIsr request correlationId 40 from controller 0 epoch 1 for the become-leader transition for partition test-part-5-rep-5-2 (state.change.logger)
[2020-04-14 19:02:47,194] TRACE [Broker id=1] Handling LeaderAndIsr request correlationId 40 from controller 0 epoch 1 starting the become-follower transition for partition test-part-5-rep-5-1 with leader 0 (state.change.logger)
[2020-04-14 19:02:47,194] TRACE [Broker id=1] Handling LeaderAndIsr request correlationId 40 from controller 0 epoch 1 starting the become-follower transition for partition test-part-5-rep-5-0 with leader 0 (state.change.logger)
[2020-04-14 19:02:47,194] TRACE [Broker id=1] Handling LeaderAndIsr request correlationId 40 from controller 0 epoch 1 starting the become-follower transition for partition test-part-5-rep-5-4 with leader 0 (state.change.logger)
[2020-04-14 19:02:47,194] TRACE [Broker id=1] Stopped fetchers as part of become-follower request from controller 0 epoch 1 with correlation id 40 for partition test-part-5-rep-5-4 with leader 0 (state.change.logger)
[2020-04-14 19:02:47,194] TRACE [Broker id=1] Stopped fetchers as part of become-follower request from controller 0 epoch 1 with correlation id 40 for partition test-part-5-rep-5-0 with leader 0 (state.change.logger)
[2020-04-14 19:02:47,194] TRACE [Broker id=1] Stopped fetchers as part of become-follower request from controller 0 epoch 1 with correlation id 40 for partition test-part-5-rep-5-1 with leader 0 (state.change.logger)
[2020-04-14 19:02:47,194] TRACE [Broker id=1] Truncated logs and checkpointed recovery boundaries for partition test-part-5-rep-5-4 as part of become-follower request with correlation id 40 from controller 0 epoch 1 with leader 0 (state.change.logger)
[2020-04-14 19:02:47,194] TRACE [Broker id=1] Truncated logs and checkpointed recovery boundaries for partition test-part-5-rep-5-0 as part of become-follower request with correlation id 40 from controller 0 epoch 1 with leader 0 (state.change.logger)
[2020-04-14 19:02:47,194] TRACE [Broker id=1] Truncated logs and checkpointed recovery boundaries for partition test-part-5-rep-5-1 as part of become-follower request with correlation id 40 from controller 0 epoch 1 with leader 0 (state.change.logger)
[2020-04-14 19:02:47,194] TRACE [Broker id=1] Skipped the adding-fetcher step of the become-follower state change with correlation id 40 from controller 0 epoch 1 for partition test-part-5-rep-5-4 with leader 0 since it is shutting down (state.change.logger)
[2020-04-14 19:02:47,194] TRACE [Broker id=1] Skipped the adding-fetcher step of the become-follower state change with correlation id 40 from controller 0 epoch 1 for partition test-part-5-rep-5-0 with leader 0 since it is shutting down (state.change.logger)
[2020-04-14 19:02:47,194] TRACE [Broker id=1] Skipped the adding-fetcher step of the become-follower state change with correlation id 40 from controller 0 epoch 1 for partition test-part-5-rep-5-1 with leader 0 since it is shutting down (state.change.logger)
[2020-04-14 19:02:47,195] TRACE [Broker id=1] Completed LeaderAndIsr request correlationId 40 from controller 0 epoch 1 for the become-follower transition for partition test-part-5-rep-5-1 with leader 0 (state.change.logger)
[2020-04-14 19:02:47,195] TRACE [Broker id=1] Completed LeaderAndIsr request correlationId 40 from controller 0 epoch 1 for the become-follower transition for partition test-part-5-rep-5-0 with leader 0 (state.change.logger)
[2020-04-14 19:02:47,195] TRACE [Broker id=1] Completed LeaderAndIsr request correlationId 40 from controller 0 epoch 1 for the become-follower transition for partition test-part-5-rep-5-4 with leader 0 (state.change.logger)
[2020-04-14 19:02:47,196] TRACE [Broker id=1] Cached leader info PartitionState(controllerEpoch=1, leader=0, leaderEpoch=3, isr=[0, 1], zkVersion=8, replicas=[3, 4, 0, 1, 2], offlineReplicas=[3, 4, 2]) for partition test-part-5-rep-5-4 in response to UpdateMetadata request sent by controller 0 epoch 1 with correlation id 41 (state.change.logger)
[2020-04-14 19:02:47,196] TRACE [Broker id=1] Cached leader info PartitionState(controllerEpoch=1, leader=0, leaderEpoch=3, isr=[0, 1], zkVersion=8, replicas=[4, 0, 1, 2, 3], offlineReplicas=[4, 2, 3]) for partition test-part-5-rep-5-0 in response to UpdateMetadata request sent by controller 0 epoch 1 with correlation id 41 (state.change.logger)
[2020-04-14 19:02:47,196] TRACE [Broker id=1] Cached leader info PartitionState(controllerEpoch=1, leader=0, leaderEpoch=3, isr=[0, 1], zkVersion=8, replicas=[0, 1, 2, 3, 4], offlineReplicas=[2, 3, 4]) for partition test-part-5-rep-5-1 in response to UpdateMetadata request sent by controller 0 epoch 1 with correlation id 41 (state.change.logger)
[2020-04-14 19:02:47,196] TRACE [Broker id=1] Cached leader info PartitionState(controllerEpoch=1, leader=1, leaderEpoch=3, isr=[0, 1], zkVersion=8, replicas=[1, 2, 3, 4, 0], offlineReplicas=[2, 3, 4]) for partition test-part-5-rep-5-2 in response to UpdateMetadata request sent by controller 0 epoch 1 with correlation id 41 (state.change.logger)
[2020-04-14 19:02:47,196] TRACE [Broker id=1] Received LeaderAndIsr request PartitionState(controllerEpoch=1, leader=0, leaderEpoch=4, isr=0, zkVersion=9, replicas=1,2,3,4,0, isNew=false) correlation id 42 from controller 0 epoch 1 for partition test-part-5-rep-5-2 (state.change.logger)
[2020-04-14 19:02:47,196] TRACE [Broker id=1] Handling LeaderAndIsr request correlationId 42 from controller 0 epoch 1 starting the become-follower transition for partition test-part-5-rep-5-2 with leader 0 (state.change.logger)
[2020-04-14 19:02:47,196] TRACE [Broker id=1] Stopped fetchers as part of become-follower request from controller 0 epoch 1 with correlation id 42 for partition test-part-5-rep-5-2 with leader 0 (state.change.logger)
[2020-04-14 19:02:47,199] TRACE [Broker id=1] Truncated logs and checkpointed recovery boundaries for partition test-part-5-rep-5-2 as part of become-follower request with correlation id 42 from controller 0 epoch 1 with leader 0 (state.change.logger)
[2020-04-14 19:02:47,199] TRACE [Broker id=1] Skipped the adding-fetcher step of the become-follower state change with correlation id 42 from controller 0 epoch 1 for partition test-part-5-rep-5-2 with leader 0 since it is shutting down (state.change.logger)
[2020-04-14 19:02:47,199] TRACE [Broker id=1] Completed LeaderAndIsr request correlationId 42 from controller 0 epoch 1 for the become-follower transition for partition test-part-5-rep-5-2 with leader 0 (state.change.logger)
[2020-04-14 19:02:47,200] TRACE [Broker id=1] Cached leader info PartitionState(controllerEpoch=1, leader=0, leaderEpoch=4, isr=[0], zkVersion=9, replicas=[1, 2, 3, 4, 0], offlineReplicas=[1, 2, 3, 4]) for partition test-part-5-rep-5-2 in response to UpdateMetadata request sent by controller 0 epoch 1 with correlation id 43 (state.change.logger)
[2020-04-14 19:02:47,201] TRACE [Broker id=1] Handling stop replica (delete=false) for partition test-part-5-rep-5-4 (state.change.logger)
[2020-04-14 19:02:47,201] TRACE [Broker id=1] Finished handling stop replica (delete=false) for partition test-part-5-rep-5-4 (state.change.logger)
[2020-04-14 19:02:47,201] TRACE [Broker id=1] Handling stop replica (delete=false) for partition test-part-5-rep-5-0 (state.change.logger)
[2020-04-14 19:02:47,201] TRACE [Broker id=1] Finished handling stop replica (delete=false) for partition test-part-5-rep-5-0 (state.change.logger)
[2020-04-14 19:02:47,201] TRACE [Broker id=1] Handling stop replica (delete=false) for partition test-part-5-rep-5-1 (state.change.logger)
[2020-04-14 19:02:47,201] TRACE [Broker id=1] Finished handling stop replica (delete=false) for partition test-part-5-rep-5-1 (state.change.logger)
[2020-04-14 19:02:47,201] TRACE [Broker id=1] Handling stop replica (delete=false) for partition test-part-5-rep-5-3 (state.change.logger)
[2020-04-14 19:02:47,201] TRACE [Broker id=1] Finished handling stop replica (delete=false) for partition test-part-5-rep-5-3 (state.change.logger)
[2020-04-14 19:02:47,204] TRACE [Broker id=1] Cached leader info PartitionState(controllerEpoch=1, leader=0, leaderEpoch=4, isr=[0], zkVersion=9, replicas=[3, 4, 0, 1, 2], offlineReplicas=[3, 4, 1, 2]) for partition test-part-5-rep-5-4 in response to UpdateMetadata request sent by controller 0 epoch 1 with correlation id 45 (state.change.logger)
[2020-04-14 19:02:47,204] TRACE [Broker id=1] Cached leader info PartitionState(controllerEpoch=1, leader=0, leaderEpoch=4, isr=[0], zkVersion=9, replicas=[4, 0, 1, 2, 3], offlineReplicas=[4, 1, 2, 3]) for partition test-part-5-rep-5-0 in response to UpdateMetadata request sent by controller 0 epoch 1 with correlation id 45 (state.change.logger)
[2020-04-14 19:02:47,204] TRACE [Broker id=1] Cached leader info PartitionState(controllerEpoch=1, leader=0, leaderEpoch=4, isr=[0], zkVersion=9, replicas=[0, 1, 2, 3, 4], offlineReplicas=[1, 2, 3, 4]) for partition test-part-5-rep-5-1 in response to UpdateMetadata request sent by controller 0 epoch 1 with correlation id 45 (state.change.logger)
[2020-04-14 19:02:47,204] TRACE [Broker id=1] Cached leader info PartitionState(controllerEpoch=1, leader=0, leaderEpoch=4, isr=[0], zkVersion=9, replicas=[2, 3, 4, 0, 1], offlineReplicas=[2, 3, 4, 1]) for partition test-part-5-rep-5-3 in response to UpdateMetadata request sent by controller 0 epoch 1 with correlation id 45 (state.change.logger)
[2020-04-14 19:02:47,205] TRACE [Broker id=1] Handling stop replica (delete=false) for partition test-part-5-rep-5-4 (state.change.logger)
[2020-04-14 19:02:47,205] TRACE [Broker id=1] Finished handling stop replica (delete=false) for partition test-part-5-rep-5-4 (state.change.logger)
[2020-04-14 19:02:47,205] TRACE [Broker id=1] Handling stop replica (delete=false) for partition test-part-5-rep-5-0 (state.change.logger)
[2020-04-14 19:02:47,205] TRACE [Broker id=1] Finished handling stop replica (delete=false) for partition test-part-5-rep-5-0 (state.change.logger)
[2020-04-14 19:02:47,205] TRACE [Broker id=1] Handling stop replica (delete=false) for partition test-part-5-rep-5-1 (state.change.logger)
[2020-04-14 19:02:47,205] TRACE [Broker id=1] Finished handling stop replica (delete=false) for partition test-part-5-rep-5-1 (state.change.logger)
[2020-04-14 19:02:47,205] TRACE [Broker id=1] Handling stop replica (delete=false) for partition test-part-5-rep-5-3 (state.change.logger)
[2020-04-14 19:02:47,205] TRACE [Broker id=1] Finished handling stop replica (delete=false) for partition test-part-5-rep-5-3 (state.change.logger)
[2020-04-14 19:06:51,140] DEBUG preRegister called. Server=com.sun.jmx.mbeanserver.JmxMBeanServer@66d3c617, name=log4j:logger=state.change.logger (state.change.logger)
[2020-04-14 19:07:17,271] DEBUG preRegister called. Server=com.sun.jmx.mbeanserver.JmxMBeanServer@66d3c617, name=log4j:logger=state.change.logger (state.change.logger)
[2020-04-14 19:12:00,078] DEBUG preRegister called. Server=com.sun.jmx.mbeanserver.JmxMBeanServer@66d3c617, name=log4j:logger=state.change.logger (state.change.logger)
[2020-04-14 19:19:22,964] DEBUG preRegister called. Server=com.sun.jmx.mbeanserver.JmxMBeanServer@66d3c617, name=log4j:logger=state.change.logger (state.change.logger)
[2020-04-14 19:19:48,455] TRACE [Controller id=0 epoch=1] Received response {error_code=0} for request UPDATE_METADATA with correlation id 0 sent to broker 195.134.67.93:9090 (id: 0 rack: null) (state.change.logger)
